<?xml version="1.0" encoding="UTF-8" ?>
<testsuite tests="18" failures="0" name="com.softserveinc.edu.oms.persistence.dao.ProductDaoTest" time="2.144" errors="0" skipped="0">
  <properties>
[...]
</properties>
  <testcase classname="com.softserveinc.edu.oms.persistence.dao.ProductDaoTest" name="testGetRowCount" time="0.159"/>
  <testcase classname="com.softserveinc.edu.oms.persistence.dao.ProductDaoTest" name="testfindByNameSorting" time="0.108"/>
  <testcase classname="com.softserveinc.edu.oms.persistence.dao.ProductDaoTest" name="testfindByPriceFromToSorting" time="0.091"/>
  <testcase classname="com.softserveinc.edu.oms.persistence.dao.ProductDaoTest" name="testfindByID" time="0.091"/>
  <testcase classname="com.softserveinc.edu.oms.persistence.dao.ProductDaoTest" name="testnumberOfProductByName" time="0.124"/>
  <testcase classname="com.softserveinc.edu.oms.persistence.dao.ProductDaoTest" name="testfindByDescription" time="0.184"/>
  <testcase classname="com.softserveinc.edu.oms.persistence.dao.ProductDaoTest" name="testcontainsProductByDescription" time="0.149"/>
  <testcase classname="com.softserveinc.edu.oms.persistence.dao.ProductDaoTest" name="testnumberOfProductByDescription" time="0.098"/>
  <testcase classname="com.softserveinc.edu.oms.persistence.dao.ProductDaoTest" name="testfindByPriceFromTo" time="0.09"/>
  <testcase classname="com.softserveinc.edu.oms.persistence.dao.ProductDaoTest" name="testFindByCriterions" time="0.159"/>
  <testcase classname="com.softserveinc.edu.oms.persistence.dao.ProductDaoTest" name="testDelete" time="0.082"/>
  <testcase classname="com.softserveinc.edu.oms.persistence.dao.ProductDaoTest" name="testfindByPrice" time="0.082"/>
  <testcase classname="com.softserveinc.edu.oms.persistence.dao.ProductDaoTest" name="testfindByName" time="0.214"/>
  <testcase classname="com.softserveinc.edu.oms.persistence.dao.ProductDaoTest" name="testFindByOneOfCriterions" time="0.103"/>
  <testcase classname="com.softserveinc.edu.oms.persistence.dao.ProductDaoTest" name="testInsertOrUpdate" time="0.092"/>
  <testcase classname="com.softserveinc.edu.oms.persistence.dao.ProductDaoTest" name="testfindByDescriptionSorting" time="0.107"/>
  <testcase classname="com.softserveinc.edu.oms.persistence.dao.ProductDaoTest" name="testcontainsProductByName" time="0.13"/>
  <testcase classname="com.softserveinc.edu.oms.persistence.dao.ProductDaoTest" name="testContextFile" time="0.081"/>
</testsuite>